[10:07 AM] [SERVER] :: Starting server: default.
[10:07 AM] [SERVER] :: Initializing player listen socket.

[10:07 AM] [SERVER] :: Loading server configuration...

[10:07 AM] [SERVER]      Loading settings...

[10:07 AM] [SERVER]      Loading admin settings...

[10:07 AM] [SERVER]      Loading allowed client versions...

[10:07 AM] [SERVER]      Folder config: 
[10:07 AM] [SERVER] ENABLED

[10:07 AM] [SERVER]      Loading file system...

[10:07 AM] [SERVER]         adding world/heads/ [*] to head

[10:07 AM] [SERVER]         adding world/bodies/ [*.png] to body

[10:07 AM] [SERVER]         adding world/swords/ [*] to sword

[10:07 AM] [SERVER]         adding world/shields/ [*] to shield

[10:07 AM] [SERVER]         adding world/ganis/ [*.gani] to file

[10:07 AM] [SERVER]         adding world/hats/ [*.png] to file

[10:07 AM] [SERVER]         adding world/images/ [*.png] to file

[10:07 AM] [SERVER]         adding world/images/ [*.gif] to file

[10:07 AM] [SERVER]         adding world/images/ [*.mng] to file

[10:07 AM] [SERVER]         adding world/sounds/ [*.mid] to file

[10:07 AM] [SERVER]         adding world/sounds/ [*.mp3] to file

[10:07 AM] [SERVER]         adding world/sounds/ [*.wav] to file

[10:07 AM] [SERVER]         adding world/levels/ [*.gmap] to file

[10:07 AM] [SERVER]         adding world/levels/ [*.nw] to level

[10:07 AM] [SERVER]         adding world/levels/ [*.graal] to level

[10:07 AM] [SERVER]         adding world/levels/ [*.gmap] to level

[10:07 AM] [SERVER]         adding world/global/ [*] to file

[10:07 AM] [SERVER]         adding world/global/heads/ [*] to head

[10:07 AM] [SERVER]         adding world/global/bodies/ [*.png] to body

[10:07 AM] [SERVER]         adding world/global/swords/ [*] to sword

[10:07 AM] [SERVER]         adding world/global/shields/ [*] to shield

[10:07 AM] [SERVER]      Loading serverflags.txt...

[10:07 AM] [SERVER]      Loading config/servermessage.html...

[10:07 AM] [SERVER]      Loading config/ipbans.txt...

[10:07 AM] [SERVER]      Loading weapons...

[10:07 AM] [SERVER]      Loading classes...

[10:07 AM] [SERVER]      Loading maps...

[10:07 AM] [SERVER]      Loading npcs...

[10:07 AM] [SERVER]      Loading translations...

[10:07 AM] [SERVER]      Loading word filter...

[10:07 AM] [SERVER] :: Started server default (Go Server)
[10:07 AM] [SERVER] :: Press CTRL+C to close the program.  DO NOT CLICK THE X, you will LOSE data!
[10:07 AM] [SERVER] [INFO] Server started
[10:07 AM] [SERVER] :: Initializing listserver socket.
[10:07 AM] [SERVER] :: listserver - Connected.
[10:07 AM] [SERVER] [DEBUG] [LISTSERVER] GEN_1 Sending 11 bytes:  [62] 33 2E 30 2E 39 2D 47 4F 00 0A 
[10:07 AM] [SERVER] [DEBUG] [LISTSERVER] GEN_2 Sending 17 bytes (compressed from 3):  [00] 0F 78 9C 32 67 E0 02 04 00 00 FF FF 00 B2 00 42 
[10:07 AM] [SERVER] [DEBUG] [LISTSERVER] NEWSERVER packet: name=9 desc=15 lang=7 ver=8 url=20 ip=4 port=5 localip=13
[10:07 AM] [SERVER] [DEBUG] [LISTSERVER] NEWSERVER data: 36 29 47 6F 20 53 65 72 76 65 72 2F 47 6F 20 43 6F 64 65 20 47 53 65 72 76 65 72 27 45 6E 
[10:07 AM] [SERVER] [DEBUG] [LISTSERVER] GEN_2 Sending 101 bytes (compressed from 91):  [00] 63 78 9C 32 D3 74 CF 57 08 4E 2D 2A 4B 2D D2 77 CF 57 70 CE 4F ...
[10:07 AM] [SERVER] [DEBUG] [LISTSERVER] GEN_2 Sending 17 bytes (compressed from 3):  [00] 0F 78 9C B2 60 E4 02 04 00 00 FF FF 00 B7 00 44 
[10:07 AM] [SERVER] [DEBUG] [LISTSERVER] GEN_2 Sending 16 bytes (compressed from 2):  [00] 0E 78 9C 52 E7 02 04 00 00 FF FF 00 5A 00 32 
[10:07 AM] [SERVER] [DEBUG] One minute timer
[10:07 AM] [SERVER] [INFO] Five minute timer - saving data
[10:07 AM] [SERVER] [DEBUG] [LISTSERVER] Received 353 raw bytes
[10:07 AM] [SERVER] [DEBUG] [LISTSERVER] processListData: 353 bytes in buffer
[10:07 AM] [SERVER] [DEBUG] [LISTSERVER] Packet length: 48, have 353
[10:07 AM] [SERVER] [DEBUG] [LISTSERVER] Decompressed to 40 bytes
[10:07 AM] [SERVER] [DEBUG] [LISTSERVER] Received packet 20: 38 bytes
[10:07 AM] [SERVER] [DEBUG] [LISTSERVER] Packet length: 57, have 303
[10:07 AM] [SERVER] [DEBUG] [LISTSERVER] Decompressed to 55 bytes
[10:07 AM] [SERVER] [DEBUG] [LISTSERVER] Received packet 20: 53 bytes
[10:07 AM] [SERVER] [DEBUG] [LISTSERVER] Packet length: 71, have 244
[10:07 AM] [SERVER] [DEBUG] [LISTSERVER] Decompressed to 69 bytes
[10:07 AM] [SERVER] [DEBUG] [LISTSERVER] Received packet 20: 67 bytes
[10:07 AM] [SERVER] [DEBUG] [LISTSERVER] Packet length: 50, have 171
[10:07 AM] [SERVER] [DEBUG] [LISTSERVER] Decompressed to 52 bytes
[10:07 AM] [SERVER] [DEBUG] [LISTSERVER] Received packet 20: 50 bytes
[10:07 AM] [SERVER] [DEBUG] [LISTSERVER] Packet length: 45, have 119
[10:07 AM] [SERVER] [DEBUG] [LISTSERVER] Decompressed to 42 bytes
[10:07 AM] [SERVER] [DEBUG] [LISTSERVER] Received packet 20: 40 bytes
[10:07 AM] [SERVER] [DEBUG] [LISTSERVER] Packet length: 70, have 72
[10:07 AM] [SERVER] [DEBUG] [LISTSERVER] Decompressed to 68 bytes
[10:07 AM] [SERVER] [DEBUG] [LISTSERVER] Received packet 20: 66 bytes
[10:07 AM] [SERVER] [DEBUG] [LISTSERVER] Received 59 raw bytes
[10:07 AM] [SERVER] [DEBUG] [LISTSERVER] processListData: 59 bytes in buffer
[10:07 AM] [SERVER] [DEBUG] [LISTSERVER] Packet length: 57, have 59
[10:07 AM] [SERVER] [DEBUG] [LISTSERVER] Decompressed to 55 bytes
[10:07 AM] [SERVER] [DEBUG] [LISTSERVER] Received packet 20: 53 bytes
[10:07 AM] [SERVER] [DEBUG] [LISTSERVER] Received 179 raw bytes
[10:07 AM] [SERVER] [DEBUG] [LISTSERVER] processListData: 179 bytes in buffer
[10:07 AM] [SERVER] [DEBUG] [LISTSERVER] Packet length: 62, have 179
[10:07 AM] [SERVER] [DEBUG] [LISTSERVER] Decompressed to 60 bytes
[10:07 AM] [SERVER] [DEBUG] [LISTSERVER] Received packet 20: 58 bytes
[10:07 AM] [SERVER] [DEBUG] [LISTSERVER] Packet length: 64, have 115
[10:07 AM] [SERVER] [DEBUG] [LISTSERVER] Decompressed to 62 bytes
[10:07 AM] [SERVER] [DEBUG] [LISTSERVER] Received packet 20: 60 bytes
[10:07 AM] [SERVER] [DEBUG] [LISTSERVER] Packet length: 47, have 49
[10:07 AM] [SERVER] [DEBUG] [LISTSERVER] Decompressed to 44 bytes
[10:07 AM] [SERVER] [DEBUG] [LISTSERVER] Received packet 20: 42 bytes
[10:07 AM] [SERVER] [DEBUG] [LISTSERVER] Received 119 raw bytes
[10:07 AM] [SERVER] [DEBUG] [LISTSERVER] processListData: 119 bytes in buffer
[10:07 AM] [SERVER] [DEBUG] [LISTSERVER] Packet length: 68, have 119
[10:07 AM] [SERVER] [DEBUG] [LISTSERVER] Decompressed to 66 bytes
[10:07 AM] [SERVER] [DEBUG] [LISTSERVER] Received packet 20: 64 bytes
[10:07 AM] [SERVER] [DEBUG] [LISTSERVER] Packet length: 47, have 49
[10:07 AM] [SERVER] [DEBUG] [LISTSERVER] Decompressed to 44 bytes
[10:07 AM] [SERVER] [DEBUG] [LISTSERVER] Received packet 20: 42 bytes
[10:08 AM] [SERVER] [DEBUG] [LISTSERVER] Read timeout
[10:08 AM] [SERVER] [DEBUG] [LISTSERVER] Read timeout
[10:08 AM] [SERVER] [DEBUG] [LISTSERVER] Read timeout
[10:08 AM] [SERVER] [DEBUG] [LISTSERVER] Read timeout
[10:08 AM] [SERVER] [DEBUG] [LISTSERVER] Read timeout
[10:08 AM] [SERVER] [DEBUG] [LISTSERVER] Read timeout
[10:08 AM] [SERVER] [DEBUG] [LISTSERVER] Received 12 raw bytes
[10:08 AM] [SERVER] [DEBUG] [LISTSERVER] processListData: 12 bytes in buffer
[10:08 AM] [SERVER] [DEBUG] [LISTSERVER] Packet length: 10, have 12
[10:08 AM] [SERVER] [DEBUG] [LISTSERVER] Decompressed to 2 bytes
[10:08 AM] [SERVER] [DEBUG] [LISTSERVER] Received packet 99: 0 bytes
[10:08 AM] [SERVER] [DEBUG] [LISTSERVER] Read timeout
[10:08 AM] [SERVER] [DEBUG] [LISTSERVER] Read timeout
[10:08 AM] [SERVER] [DEBUG] [LISTSERVER] Read timeout
[10:08 AM] [SERVER] [DEBUG] [LISTSERVER] Read timeout
[10:08 AM] [SERVER] :: The server is now shutting down...
-------------------------------------

[10:08 AM] [SERVER] [INFO] Server stopped
